<?xml version="1.0" encoding="UTF-8"?>
<!-- Generated by org.testng.reporters.JUnitXMLReporter -->
<testsuite ignored="0" hostname="DB-L-174" failures="0" tests="3" name="OrdersTests" time="4.04" errors="0" timestamp="2025-09-06T11:28:40 IST">
  <testcase classname="orders.AutomateOrdersTest" name="validOrderBeforeCutoff" time="0.242"/>
  <testcase classname="orders.AutomateOrdersTest" name="orderAfterCutoff_shiftsByTwoDays" time="0.742"/>
  <testcase classname="orders.AutomateOrdersTest" name="cancelRestoresStock" time="0.29"/>
</testsuite> <!-- OrdersTests -->
