<?xml version="1.0" encoding="UTF-8"?>
<testng-results ignored="0" total="3" passed="3" failed="0" skipped="0">
  <reporter-output>
  </reporter-output>
  <suite started-at="2025-09-06T11:28:36 IST" name="Orders Automation Suite" finished-at="2025-09-06T11:28:40 IST" duration-ms="4040">
    <groups>
    </groups>
    <test started-at="2025-09-06T11:28:36 IST" name="OrdersTests" finished-at="2025-09-06T11:28:40 IST" duration-ms="4040">
      <class name="orders.AutomateOrdersTest">
        <test-method is-config="true" signature="beforeClass()[pri:0, instance:orders.AutomateOrdersTest@206a70ef]" started-at="2025-09-06T11:28:36 IST" name="beforeClass" finished-at="2025-09-06T11:28:37 IST" duration-ms="775" status="PASS">
          <reporter-output>
          </reporter-output>
        </test-method> <!-- beforeClass -->
        <test-method is-config="true" signature="beforeEachTest()[pri:0, instance:orders.AutomateOrdersTest@206a70ef]" started-at="2025-09-06T11:28:37 IST" name="beforeEachTest" finished-at="2025-09-06T11:28:38 IST" duration-ms="1741" status="PASS">
          <reporter-output>
          </reporter-output>
        </test-method> <!-- beforeEachTest -->
        <test-method signature="validOrderBeforeCutoff()[pri:1, instance:orders.AutomateOrdersTest@206a70ef]" started-at="2025-09-06T11:28:38 IST" name="validOrderBeforeCutoff" finished-at="2025-09-06T11:28:39 IST" duration-ms="242" status="PASS">
          <reporter-output>
          </reporter-output>
        </test-method> <!-- validOrderBeforeCutoff -->
        <test-method is-config="true" signature="beforeEachTest()[pri:0, instance:orders.AutomateOrdersTest@206a70ef]" started-at="2025-09-06T11:28:39 IST" name="beforeEachTest" finished-at="2025-09-06T11:28:39 IST" duration-ms="76" status="PASS">
          <reporter-output>
          </reporter-output>
        </test-method> <!-- beforeEachTest -->
        <test-method signature="orderAfterCutoff_shiftsByTwoDays()[pri:2, instance:orders.AutomateOrdersTest@206a70ef]" started-at="2025-09-06T11:28:39 IST" name="orderAfterCutoff_shiftsByTwoDays" finished-at="2025-09-06T11:28:40 IST" duration-ms="742" status="PASS">
          <reporter-output>
          </reporter-output>
        </test-method> <!-- orderAfterCutoff_shiftsByTwoDays -->
        <test-method is-config="true" signature="beforeEachTest()[pri:0, instance:orders.AutomateOrdersTest@206a70ef]" started-at="2025-09-06T11:28:40 IST" name="beforeEachTest" finished-at="2025-09-06T11:28:40 IST" duration-ms="68" status="PASS">
          <reporter-output>
          </reporter-output>
        </test-method> <!-- beforeEachTest -->
        <test-method signature="cancelRestoresStock()[pri:3, instance:orders.AutomateOrdersTest@206a70ef]" started-at="2025-09-06T11:28:40 IST" name="cancelRestoresStock" finished-at="2025-09-06T11:28:40 IST" duration-ms="290" status="PASS">
          <reporter-output>
          </reporter-output>
        </test-method> <!-- cancelRestoresStock -->
      </class> <!-- orders.AutomateOrdersTest -->
    </test> <!-- OrdersTests -->
  </suite> <!-- Orders Automation Suite -->
</testng-results>
